<?xml version="1.0" encoding="UTF-8"?>
<testng-results ignored="0" total="3" passed="3" failed="0" skipped="0">
  <reporter-output>
  </reporter-output>
  <suite started-at="2022-01-09T09:15:27 CET" name="Default suite" finished-at="2022-01-09T09:15:31 CET" duration-ms="3482">
    <groups>
    </groups>
    <test started-at="2022-01-09T09:15:27 CET" name="Default test" finished-at="2022-01-09T09:15:31 CET" duration-ms="3482">
      <class name="tests.PutPatchDeleteExamples">
        <test-method signature="testDelete()[pri:0, instance:tests.PutPatchDeleteExamples@2667f029]" started-at="2022-01-09T09:15:27 CET" name="testDelete" finished-at="2022-01-09T09:15:30 CET" duration-ms="2865" status="PASS">
          <reporter-output>
          </reporter-output>
        </test-method> <!-- testDelete -->
        <test-method signature="testPatch()[pri:0, instance:tests.PutPatchDeleteExamples@2667f029]" started-at="2022-01-09T09:15:30 CET" name="testPatch" finished-at="2022-01-09T09:15:31 CET" duration-ms="342" status="PASS">
          <reporter-output>
          </reporter-output>
        </test-method> <!-- testPatch -->
        <test-method signature="testPut()[pri:0, instance:tests.PutPatchDeleteExamples@2667f029]" started-at="2022-01-09T09:15:31 CET" name="testPut" finished-at="2022-01-09T09:15:31 CET" duration-ms="213" status="PASS">
          <reporter-output>
          </reporter-output>
        </test-method> <!-- testPut -->
      </class> <!-- tests.PutPatchDeleteExamples -->
    </test> <!-- Default test -->
  </suite> <!-- Default suite -->
</testng-results>
