<?xml version="1.0" encoding="UTF-8"?>
<!-- Generated by org.testng.reporters.JUnitXMLReporter -->
<testsuite ignored="0" hostname="DESKTOP-QEDFTIK" failures="0" tests="3" name="Default test" time="3.482" errors="0" timestamp="2022-01-09T09:15:31 CET">
  <testcase classname="tests.PutPatchDeleteExamples" name="testDelete" time="2.865"/>
  <testcase classname="tests.PutPatchDeleteExamples" name="testPatch" time="0.342"/>
  <testcase classname="tests.PutPatchDeleteExamples" name="testPut" time="0.213"/>
</testsuite> <!-- Default test -->
